0 info it worked if it ends with ok
1 verbose cli [ 'D:\\Program Files\\nodejs\\\\node.exe',
1 verbose cli   'D:\\Program Files\\nodejs\\node_modules\\npm\\bin\\npm-cli.js',
1 verbose cli   'install',
1 verbose cli   'nodemon' ]
2 info using npm@1.4.28
3 info using node@v0.10.33
4 verbose node symlink D:\Program Files\nodejs\\node.exe
5 warn package.json path@0.4.10 path is also the name of a node core module.
6 verbose readDependencies using package.json deps
7 verbose cache add [ 'nodemon', null ]
8 verbose cache add name=undefined spec="nodemon" args=["nodemon",null]
9 verbose parsed url { protocol: null,
9 verbose parsed url   slashes: null,
9 verbose parsed url   auth: null,
9 verbose parsed url   host: null,
9 verbose parsed url   port: null,
9 verbose parsed url   hostname: null,
9 verbose parsed url   hash: null,
9 verbose parsed url   search: null,
9 verbose parsed url   query: null,
9 verbose parsed url   pathname: 'nodemon',
9 verbose parsed url   path: 'nodemon',
9 verbose parsed url   href: 'nodemon' }
10 silly lockFile 1625b929-nodemon nodemon
11 verbose lock nodemon C:\Users\5013504896\AppData\Roaming\npm-cache\1625b929-nodemon.lock
12 silly lockFile 1625b929-nodemon nodemon
13 silly lockFile 1625b929-nodemon nodemon
14 verbose addNamed [ 'nodemon', '' ]
15 verbose addNamed [ null, '*' ]
16 silly lockFile 4f5e51c6-nodemon nodemon@
17 verbose lock nodemon@ C:\Users\5013504896\AppData\Roaming\npm-cache\4f5e51c6-nodemon.lock
18 silly addNameRange { name: 'nodemon', range: '*', hasData: false }
19 verbose request where is /nodemon
20 verbose request registry https://registry.npmjs.org/
21 verbose request id bd3bff47211cfc5f
22 verbose url raw /nodemon
23 verbose url resolving [ 'https://registry.npmjs.org/', './nodemon' ]
24 verbose url resolved https://registry.npmjs.org/nodemon
25 verbose request where is https://registry.npmjs.org/nodemon
26 info trying registry request attempt 1 at 11:19:24
27 http GET https://registry.npmjs.org/nodemon
28 info retry will retry, error on last attempt: Error: tunneling socket could not be established, cause=getaddrinfo ENOTFOUND
29 info trying registry request attempt 2 at 11:19:39
30 http GET https://registry.npmjs.org/nodemon
31 info retry will retry, error on last attempt: Error: tunneling socket could not be established, cause=getaddrinfo ENOTFOUND
32 info trying registry request attempt 3 at 11:20:41
33 http GET https://registry.npmjs.org/nodemon
34 silly lockFile 4f5e51c6-nodemon nodemon@
35 silly lockFile 4f5e51c6-nodemon nodemon@
36 error network tunneling socket could not be established, cause=getaddrinfo ENOTFOUND
36 error network This is most likely not a problem with npm itself
36 error network and is related to network connectivity.
36 error network In most cases you are behind a proxy or have bad network settings.
36 error network
36 error network If you are behind a proxy, please make sure that the
36 error network 'proxy' config is set properly.  See: 'npm help config'
37 error System Windows_NT 6.1.7601
38 error command "D:\\Program Files\\nodejs\\\\node.exe" "D:\\Program Files\\nodejs\\node_modules\\npm\\bin\\npm-cli.js" "install" "nodemon"
39 error cwd D:\Git_Repo\xemapp
40 error node -v v0.10.33
41 error npm -v 1.4.28
42 error code ECONNRESET
43 verbose exit [ 1, true ]
